<?xml version="1.0" encoding="utf-8"?>
<testsuites tests="49" failures="1" skipped="1" time="12.988">
  <testsuite name="SampleLibrary.Modern.BasicTests" tests="8" failures="1" skipped="1" time="0.006" timestamp="2026-03-23T17:51:01.1191349Z">
    <testcase name="SampleLibrary.Modern.BasicTests.StringContains" classname="SampleLibrary.Modern.BasicTests" time="0.002" />
    <testcase name="SampleLibrary.Modern.BasicTests.MillimetersToFeetConversion(mm: 914,39999999999998, expectedFeet: 3)" classname="SampleLibrary.Modern.BasicTests" time="0.000" />
    <testcase name="SampleLibrary.Modern.BasicTests.MillimetersToFeetConversion(mm: 304,80000000000001, expectedFeet: 1)" classname="SampleLibrary.Modern.BasicTests" time="0.000" />
    <testcase name="SampleLibrary.Modern.BasicTests.MillimetersToFeetConversion(mm: 609,60000000000002, expectedFeet: 2)" classname="SampleLibrary.Modern.BasicTests" time="0.000" />
    <testcase name="SampleLibrary.Modern.BasicTests.SkippedTest" classname="SampleLibrary.Modern.BasicTests" time="0.000">
      <skipped message="Skipped to verify skip reporting" />
    </testcase>
    <testcase name="SampleLibrary.Modern.BasicTests.IntentionalFailure" classname="SampleLibrary.Modern.BasicTests" time="0.003">
      <failure message="Assert.Equal() Failure: Values differ&#xD;&#xA;Expected: 42&#xD;&#xA;Actual:   54">   at Xunit.Assert.Equal[T](T expected, T actual, IEqualityComparer`1 comparer) in /_/src/xunit.assert/Asserts/EqualityAsserts.cs:line 154
   at Xunit.Assert.Equal[T](T expected, T actual) in /_/src/xunit.assert/Asserts/EqualityAsserts.cs:line 89
   at SampleLibrary.Modern.BasicTests.IntentionalFailure() in C:\Users\konra\source\repos\xUnitRevitFork\SampleLibrary.Modern\BasicTests.cs:line 47
   at System.RuntimeMethodHandle.InvokeMethod(Object target, Void** arguments, Signature sig, Boolean isConstructor)
   at System.Reflection.MethodBaseInvoker.InvokeWithNoArgs(Object obj, BindingFlags invokeAttr)</failure>
    </testcase>
    <testcase name="SampleLibrary.Modern.BasicTests.SimpleAddition" classname="SampleLibrary.Modern.BasicTests" time="0.000" />
    <testcase name="SampleLibrary.Modern.BasicTests.ListHasExpectedCount" classname="SampleLibrary.Modern.BasicTests" time="0.000" />
  </testsuite>
  <testsuite name="SampleLibrary.Modern.ConfigurationTests" tests="3" failures="0" skipped="0" time="0.006" timestamp="2026-03-23T17:51:01.1191864Z">
    <testcase name="SampleLibrary.Modern.ConfigurationTests.PartialJsonUsesDefaults" classname="SampleLibrary.Modern.ConfigurationTests" time="0.003" />
    <testcase name="SampleLibrary.Modern.ConfigurationTests.DefaultValuesAreCorrect" classname="SampleLibrary.Modern.ConfigurationTests" time="0.002" />
    <testcase name="SampleLibrary.Modern.ConfigurationTests.CanDeserializeFromJson" classname="SampleLibrary.Modern.ConfigurationTests" time="0.001" />
  </testsuite>
  <testsuite name="SampleLibrary.Modern.UnitConversionTests" tests="8" failures="0" skipped="0" time="0.006" timestamp="2026-03-23T17:51:01.1191993Z">
    <testcase name="SampleLibrary.Modern.UnitConversionTests.MillimetersToFeetConversion(mm: 2000, expectedFeet: 6,56168)" classname="SampleLibrary.Modern.UnitConversionTests" time="0.004" />
    <testcase name="SampleLibrary.Modern.UnitConversionTests.MillimetersToFeetConversion(mm: 1000, expectedFeet: 3,28084)" classname="SampleLibrary.Modern.UnitConversionTests" time="0.000" />
    <testcase name="SampleLibrary.Modern.UnitConversionTests.MillimetersToFeetConversion(mm: 3000, expectedFeet: 9,8425200000000004)" classname="SampleLibrary.Modern.UnitConversionTests" time="0.000" />
    <testcase name="SampleLibrary.Modern.UnitConversionTests.SquareMetersConversion" classname="SampleLibrary.Modern.UnitConversionTests" time="0.001" />
    <testcase name="SampleLibrary.Modern.UnitConversionTests.FeetToMillimetersConversion(feet: 10, expectedMm: 3048)" classname="SampleLibrary.Modern.UnitConversionTests" time="0.000" />
    <testcase name="SampleLibrary.Modern.UnitConversionTests.FeetToMillimetersConversion(feet: 2, expectedMm: 609,60000000000002)" classname="SampleLibrary.Modern.UnitConversionTests" time="0.000" />
    <testcase name="SampleLibrary.Modern.UnitConversionTests.FeetToMillimetersConversion(feet: 1, expectedMm: 304,80000000000001)" classname="SampleLibrary.Modern.UnitConversionTests" time="0.000" />
    <testcase name="SampleLibrary.Modern.UnitConversionTests.CubicMetersConversion" classname="SampleLibrary.Modern.UnitConversionTests" time="0.001" />
  </testsuite>
  <testsuite name="SampleLibrary.Modern.GeometryTests" tests="3" failures="0" skipped="0" time="0.005" timestamp="2026-03-23T17:51:01.1192255Z">
    <testcase name="SampleLibrary.Modern.GeometryTests.PointDistanceCalculation" classname="SampleLibrary.Modern.GeometryTests" time="0.004" />
    <testcase name="SampleLibrary.Modern.GeometryTests.VolumeCalculation" classname="SampleLibrary.Modern.GeometryTests" time="0.000" />
    <testcase name="SampleLibrary.Modern.GeometryTests.AreaCalculation" classname="SampleLibrary.Modern.GeometryTests" time="0.000" />
  </testsuite>
  <testsuite name="SampleLibrary.Modern.TestResultModelTests" tests="5" failures="0" skipped="0" time="0.005" timestamp="2026-03-23T17:51:01.1192439Z">
    <testcase name="SampleLibrary.Modern.TestResultModelTests.AllOutcomesAreValid(outcome: Passed)" classname="SampleLibrary.Modern.TestResultModelTests" time="0.005" />
    <testcase name="SampleLibrary.Modern.TestResultModelTests.AllOutcomesAreValid(outcome: Failed)" classname="SampleLibrary.Modern.TestResultModelTests" time="0.000" />
    <testcase name="SampleLibrary.Modern.TestResultModelTests.AllOutcomesAreValid(outcome: Skipped)" classname="SampleLibrary.Modern.TestResultModelTests" time="0.000" />
    <testcase name="SampleLibrary.Modern.TestResultModelTests.AllPropertiesRoundTrip" classname="SampleLibrary.Modern.TestResultModelTests" time="0.000" />
    <testcase name="SampleLibrary.Modern.TestResultModelTests.DefaultOutcomeIsPassed" classname="SampleLibrary.Modern.TestResultModelTests" time="0.000" />
  </testsuite>
  <testsuite name="SampleLibrary.Modern.TestResultWriterTests" tests="8" failures="0" skipped="0" time="0.106" timestamp="2026-03-23T17:51:01.1194020Z">
    <testcase name="SampleLibrary.Modern.TestResultWriterTests.SkippedElementContainsReason" classname="SampleLibrary.Modern.TestResultWriterTests" time="0.020" />
    <testcase name="SampleLibrary.Modern.TestResultWriterTests.CreatesOutputDirectoryIfMissing" classname="SampleLibrary.Modern.TestResultWriterTests" time="0.003" />
    <testcase name="SampleLibrary.Modern.TestResultWriterTests.GroupsResultsByClassName" classname="SampleLibrary.Modern.TestResultWriterTests" time="0.012" />
    <testcase name="SampleLibrary.Modern.TestResultWriterTests.FailureElementContainsMessageAndStackTrace" classname="SampleLibrary.Modern.TestResultWriterTests" time="0.011" />
    <testcase name="SampleLibrary.Modern.TestResultWriterTests.NullClassNameDefaultsToUnknown" classname="SampleLibrary.Modern.TestResultWriterTests" time="0.035" />
    <testcase name="SampleLibrary.Modern.TestResultWriterTests.HandlesEmptyResultList" classname="SampleLibrary.Modern.TestResultWriterTests" time="0.002" />
    <testcase name="SampleLibrary.Modern.TestResultWriterTests.WritesValidJUnitXml" classname="SampleLibrary.Modern.TestResultWriterTests" time="0.012" />
    <testcase name="SampleLibrary.Modern.TestResultWriterTests.CorrectlyCountsPassFailSkip" classname="SampleLibrary.Modern.TestResultWriterTests" time="0.011" />
  </testsuite>
  <testsuite name="SampleLibrary.Modern.RevitDocumentTests" tests="3" failures="0" skipped="0" time="0.001" timestamp="2026-03-23T17:51:01.1194250Z">
    <testcase name="SampleLibrary.Modern.RevitDocumentTests.CanOpenDocument" classname="SampleLibrary.Modern.RevitDocumentTests" time="0.001" />
    <testcase name="SampleLibrary.Modern.RevitDocumentTests.DocumentHasActiveView" classname="SampleLibrary.Modern.RevitDocumentTests" time="0.000" />
    <testcase name="SampleLibrary.Modern.RevitDocumentTests.ApplicationIsInitialized" classname="SampleLibrary.Modern.RevitDocumentTests" time="0.000" />
  </testsuite>
  <testsuite name="SampleLibrary.Modern.ElementCollectorTests" tests="5" failures="0" skipped="0" time="0.028" timestamp="2026-03-23T17:51:01.1194398Z">
    <testcase name="SampleLibrary.Modern.ElementCollectorTests.WallsHaveValidVolume" classname="SampleLibrary.Modern.ElementCollectorTests" time="0.012" />
    <testcase name="SampleLibrary.Modern.ElementCollectorTests.CollectLevels" classname="SampleLibrary.Modern.ElementCollectorTests" time="0.007" />
    <testcase name="SampleLibrary.Modern.ElementCollectorTests.CollectViewsInDocument" classname="SampleLibrary.Modern.ElementCollectorTests" time="0.004" />
    <testcase name="SampleLibrary.Modern.ElementCollectorTests.CollectAllWalls" classname="SampleLibrary.Modern.ElementCollectorTests" time="0.003" />
    <testcase name="SampleLibrary.Modern.ElementCollectorTests.CollectWallTypes" classname="SampleLibrary.Modern.ElementCollectorTests" time="0.003" />
  </testsuite>
  <testsuite name="SampleLibrary.Modern.TransactionTests" tests="3" failures="0" skipped="0" time="0.381" timestamp="2026-03-23T17:51:01.1194551Z">
    <testcase name="SampleLibrary.Modern.TransactionTests.RunInTransactionHelper" classname="SampleLibrary.Modern.TransactionTests" time="0.358" />
    <testcase name="SampleLibrary.Modern.TransactionTests.CreateAndDeleteWall" classname="SampleLibrary.Modern.TransactionTests" time="0.015" />
    <testcase name="SampleLibrary.Modern.TransactionTests.ModifyWallParameterAndRollBack" classname="SampleLibrary.Modern.TransactionTests" time="0.008" />
  </testsuite>
  <testsuite name="SampleLibrary.Modern.GeometryExtractionTests" tests="3" failures="0" skipped="0" time="0.020" timestamp="2026-03-23T17:51:01.1194661Z">
    <testcase name="SampleLibrary.Modern.GeometryExtractionTests.WallBoundingBoxIsValid" classname="SampleLibrary.Modern.GeometryExtractionTests" time="0.004" />
    <testcase name="SampleLibrary.Modern.GeometryExtractionTests.WallLocationIsLine" classname="SampleLibrary.Modern.GeometryExtractionTests" time="0.006" />
    <testcase name="SampleLibrary.Modern.GeometryExtractionTests.WallHasSolid" classname="SampleLibrary.Modern.GeometryExtractionTests" time="0.011" />
  </testsuite>
</testsuites>